# JRE version: Java(TM) SE Runtime Environment 18.9 (11.0.20+9) (build 11.0.20+9-LTS-256)
# Java VM: Java HotSpot(TM) 64-Bit Server VM 18.9 (11.0.20+9-LTS-256, mixed mode, tiered, compressed oops, g1 gc, windows-amd64)
Heap:
 garbage-first heap   total 95232K, used 41040K [0x00000000c1800000, 0x0000000100000000)
  region size 1024K, 11 young (11264K), 3 survivors (3072K)
 Metaspace       used 73925K, capacity 75229K, committed 75388K, reserved 1116160K
  class space    used 8797K, capacity 9308K, committed 9344K, reserved 1048576K
GC Heap History (10 events):
Event: 30.360 GC heap before
{Heap before GC invocations=14 (full 0):
 garbage-first heap   total 95232K, used 66738K [0x00000000c1800000, 0x0000000100000000)
  region size 1024K, 42 young (43008K), 3 survivors (3072K)
 Metaspace       used 58715K, capacity 59761K, committed 60028K, reserved 1101824K
  class space    used 7362K, capacity 7786K, committed 7808K, reserved 1048576K
}
Event: 30.370 GC heap after
{Heap after GC invocations=15 (full 0):
 garbage-first heap   total 95232K, used 28573K [0x00000000c1800000, 0x0000000100000000)
  region size 1024K, 5 young (5120K), 5 survivors (5120K)
 Metaspace       used 58715K, capacity 59761K, committed 60028K, reserved 1101824K
  class space    used 7362K, capacity 7786K, committed 7808K, reserved 1048576K
}
Event: 31.103 GC heap before
{Heap before GC invocations=15 (full 0):
 garbage-first heap   total 95232K, used 35741K [0x00000000c1800000, 0x0000000100000000)
  region size 1024K, 13 young (13312K), 5 survivors (5120K)
 Metaspace       used 59233K, capacity 60363K, committed 60540K, reserved 1101824K
  class space    used 7400K, capacity 7805K, committed 7808K, reserved 1048576K
}
Event: 31.114 GC heap after
{Heap after GC invocations=16 (full 0):
 garbage-first heap   total 95232K, used 29167K [0x00000000c1800000, 0x0000000100000000)
  region size 1024K, 3 young (3072K), 3 survivors (3072K)
 Metaspace       used 59233K, capacity 60363K, committed 60540K, reserved 1101824K
  class space    used 7400K, capacity 7805K, committed 7808K, reserved 1048576K
}
Event: 50.675 GC heap before
{Heap before GC invocations=17 (full 0):
 garbage-first heap   total 95232K, used 69103K [0x00000000c1800000, 0x0000000100000000)
  region size 1024K, 42 young (43008K), 3 survivors (3072K)
 Metaspace       used 62049K, capacity 63205K, committed 63356K, reserved 1103872K
  class space    used 7794K, capacity 8253K, committed 8320K, reserved 1048576K
}
Event: 50.685 GC heap after
{Heap after GC invocations=18 (full 0):
 garbage-first heap   total 95232K, used 31325K [0x00000000c1800000, 0x0000000100000000)
  region size 1024K, 5 young (5120K), 5 survivors (5120K)
 Metaspace       used 62049K, capacity 63205K, committed 63356K, reserved 1103872K
  class space    used 7794K, capacity 8253K, committed 8320K, reserved 1048576K
}
Event: 358.407 GC heap before
{Heap before GC invocations=18 (full 0):
 garbage-first heap   total 95232K, used 70237K [0x00000000c1800000, 0x0000000100000000)
  region size 1024K, 44 young (45056K), 5 survivors (5120K)
 Metaspace       used 70092K, capacity 71386K, committed 71548K, reserved 1112064K
  class space    used 8549K, capacity 9040K, committed 9088K, reserved 1048576K
}
Event: 358.423 GC heap after
{Heap after GC invocations=19 (full 0):
 garbage-first heap   total 95232K, used 33113K [0x00000000c1800000, 0x0000000100000000)
  region size 1024K, 5 young (5120K), 5 survivors (5120K)
 Metaspace       used 70092K, capacity 71386K, committed 71548K, reserved 1112064K
  class space    used 8549K, capacity 9040K, committed 9088K, reserved 1048576K
}
Event: 361.546 GC heap before
{Heap before GC invocations=19 (full 0):
 garbage-first heap   total 95232K, used 72025K [0x00000000c1800000, 0x0000000100000000)
  region size 1024K, 44 young (45056K), 5 survivors (5120K)
 Metaspace       used 73661K, capacity 74984K, committed 75132K, reserved 1116160K
  class space    used 8780K, capacity 9273K, committed 9344K, reserved 1048576K
}
Event: 361.557 GC heap after
{Heap after GC invocations=20 (full 0):
 garbage-first heap   total 95232K, used 33872K [0x00000000c1800000, 0x0000000100000000)
  region size 1024K, 3 young (3072K), 3 survivors (3072K)
 Metaspace       used 73661K, capacity 74984K, committed 75132K, reserved 1116160K
  class space    used 8780K, capacity 9273K, committed 9344K, reserved 1048576K
}

