# JRE version: Java(TM) SE Runtime Environment 18.9 (11.0.20+9) (build 11.0.20+9-LTS-256)
# Java VM: Java HotSpot(TM) 64-Bit Server VM 18.9 (11.0.20+9-LTS-256, mixed mode, tiered, compressed oops, g1 gc, windows-amd64)
Heap:
 garbage-first heap   total 78848K, used 51367K [0x00000000c1800000, 0x0000000100000000)
  region size 1024K, 25 young (25600K), 4 survivors (4096K)
 Metaspace       used 63288K, capacity 64495K, committed 64684K, reserved 1105920K
  class space    used 7933K, capacity 8384K, committed 8448K, reserved 1048576K
GC Heap History (10 events):
Event: 24.313 GC heap before
{Heap before GC invocations=12 (full 0):
 garbage-first heap   total 78848K, used 56320K [0x00000000c1800000, 0x0000000100000000)
  region size 1024K, 34 young (34816K), 3 survivors (3072K)
 Metaspace       used 50451K, capacity 51497K, committed 51628K, reserved 1093632K
  class space    used 6200K, capacity 6623K, committed 6656K, reserved 1048576K
}
Event: 24.321 GC heap after
{Heap after GC invocations=13 (full 0):
 garbage-first heap   total 78848K, used 25600K [0x00000000c1800000, 0x0000000100000000)
  region size 1024K, 1 young (1024K), 1 survivors (1024K)
 Metaspace       used 50451K, capacity 51497K, committed 51628K, reserved 1093632K
  class space    used 6200K, capacity 6623K, committed 6656K, reserved 1048576K
}
Event: 26.091 GC heap before
{Heap before GC invocations=13 (full 0):
 garbage-first heap   total 78848K, used 57344K [0x00000000c1800000, 0x0000000100000000)
  region size 1024K, 32 young (32768K), 1 survivors (1024K)
 Metaspace       used 55049K, capacity 56140K, committed 56364K, reserved 1097728K
  class space    used 6886K, capacity 7289K, committed 7296K, reserved 1048576K
}
Event: 26.097 GC heap after
{Heap after GC invocations=14 (full 0):
 garbage-first heap   total 78848K, used 26987K [0x00000000c1800000, 0x0000000100000000)
  region size 1024K, 3 young (3072K), 3 survivors (3072K)
 Metaspace       used 55049K, capacity 56140K, committed 56364K, reserved 1097728K
  class space    used 6886K, capacity 7289K, committed 7296K, reserved 1048576K
}
Event: 27.434 GC heap before
{Heap before GC invocations=14 (full 0):
 garbage-first heap   total 78848K, used 58731K [0x00000000c1800000, 0x0000000100000000)
  region size 1024K, 34 young (34816K), 3 survivors (3072K)
 Metaspace       used 57702K, capacity 58744K, committed 59052K, reserved 1101824K
  class space    used 7222K, capacity 7619K, committed 7680K, reserved 1048576K
}
Event: 27.442 GC heap after
{Heap after GC invocations=15 (full 0):
 garbage-first heap   total 78848K, used 27930K [0x00000000c1800000, 0x0000000100000000)
  region size 1024K, 4 young (4096K), 4 survivors (4096K)
 Metaspace       used 57702K, capacity 58744K, committed 59052K, reserved 1101824K
  class space    used 7222K, capacity 7619K, committed 7680K, reserved 1048576K
}
Event: 29.323 GC heap before
{Heap before GC invocations=15 (full 0):
 garbage-first heap   total 78848K, used 38170K [0x00000000c1800000, 0x0000000100000000)
  region size 1024K, 15 young (15360K), 4 survivors (4096K)
 Metaspace       used 58569K, capacity 59591K, committed 59692K, reserved 1101824K
  class space    used 7336K, capacity 7752K, committed 7808K, reserved 1048576K
}
Event: 29.333 GC heap after
{Heap after GC invocations=16 (full 0):
 garbage-first heap   total 78848K, used 28512K [0x00000000c1800000, 0x0000000100000000)
  region size 1024K, 3 young (3072K), 3 survivors (3072K)
 Metaspace       used 58569K, capacity 59591K, committed 59692K, reserved 1101824K
  class space    used 7336K, capacity 7752K, committed 7808K, reserved 1048576K
}
Event: 32.960 GC heap before
{Heap before GC invocations=17 (full 0):
 garbage-first heap   total 78848K, used 60256K [0x00000000c1800000, 0x0000000100000000)
  region size 1024K, 34 young (34816K), 3 survivors (3072K)
 Metaspace       used 60812K, capacity 62017K, committed 62380K, reserved 1103872K
  class space    used 7622K, capacity 8074K, committed 8192K, reserved 1048576K
}
Event: 32.971 GC heap after
{Heap after GC invocations=18 (full 0):
 garbage-first heap   total 78848K, used 30887K [0x00000000c1800000, 0x0000000100000000)
  region size 1024K, 4 young (4096K), 4 survivors (4096K)
 Metaspace       used 60812K, capacity 62017K, committed 62380K, reserved 1103872K
  class space    used 7622K, capacity 8074K, committed 8192K, reserved 1048576K
}

