# JRE version: Java(TM) SE Runtime Environment 18.9 (11.0.20+9) (build 11.0.20+9-LTS-256)
# Java VM: Java HotSpot(TM) 64-Bit Server VM 18.9 (11.0.20+9-LTS-256, mixed mode, tiered, compressed oops, g1 gc, windows-amd64)
Heap:
 garbage-first heap   total 78848K, used 47182K [0x00000000c1800000, 0x0000000100000000)
  region size 1024K, 21 young (21504K), 4 survivors (4096K)
 Metaspace       used 63944K, capacity 65174K, committed 65244K, reserved 1105920K
  class space    used 7998K, capacity 8460K, committed 8528K, reserved 1048576K
GC Heap History (10 events):
Event: 16.775 GC heap before
{Heap before GC invocations=13 (full 0):
 garbage-first heap   total 78848K, used 53753K [0x00000000c1800000, 0x0000000100000000)
  region size 1024K, 33 young (33792K), 4 survivors (4096K)
 Metaspace       used 52939K, capacity 54026K, committed 54096K, reserved 1095680K
  class space    used 6526K, capacity 6949K, committed 6992K, reserved 1048576K
}
Event: 16.782 GC heap after
{Heap after GC invocations=14 (full 0):
 garbage-first heap   total 78848K, used 25601K [0x00000000c1800000, 0x0000000100000000)
  region size 1024K, 3 young (3072K), 3 survivors (3072K)
 Metaspace       used 52939K, capacity 54026K, committed 54096K, reserved 1095680K
  class space    used 6526K, capacity 6949K, committed 6992K, reserved 1048576K
}
Event: 18.020 GC heap before
{Heap before GC invocations=14 (full 0):
 garbage-first heap   total 78848K, used 56321K [0x00000000c1800000, 0x0000000100000000)
  region size 1024K, 33 young (33792K), 3 survivors (3072K)
 Metaspace       used 56355K, capacity 57462K, committed 57808K, reserved 1099776K
  class space    used 7068K, capacity 7489K, committed 7632K, reserved 1048576K
}
Event: 18.030 GC heap after
{Heap after GC invocations=15 (full 0):
 garbage-first heap   total 78848K, used 26296K [0x00000000c1800000, 0x0000000100000000)
  region size 1024K, 4 young (4096K), 4 survivors (4096K)
 Metaspace       used 56355K, capacity 57462K, committed 57808K, reserved 1099776K
  class space    used 7068K, capacity 7489K, committed 7632K, reserved 1048576K
}
Event: 19.447 GC heap before
{Heap before GC invocations=15 (full 0):
 garbage-first heap   total 78848K, used 57016K [0x00000000c1800000, 0x0000000100000000)
  region size 1024K, 34 young (34816K), 4 survivors (4096K)
 Metaspace       used 58661K, capacity 59732K, committed 60112K, reserved 1101824K
  class space    used 7352K, capacity 7755K, committed 7888K, reserved 1048576K
}
Event: 19.456 GC heap after
{Heap after GC invocations=16 (full 0):
 garbage-first heap   total 78848K, used 27605K [0x00000000c1800000, 0x0000000100000000)
  region size 1024K, 4 young (4096K), 4 survivors (4096K)
 Metaspace       used 58661K, capacity 59732K, committed 60112K, reserved 1101824K
  class space    used 7352K, capacity 7755K, committed 7888K, reserved 1048576K
}
Event: 19.886 GC heap before
{Heap before GC invocations=16 (full 0):
 garbage-first heap   total 78848K, used 37845K [0x00000000c1800000, 0x0000000100000000)
  region size 1024K, 15 young (15360K), 4 survivors (4096K)
 Metaspace       used 59349K, capacity 60409K, committed 60508K, reserved 1101824K
  class space    used 7414K, capacity 7840K, committed 7888K, reserved 1048576K
}
Event: 19.897 GC heap after
{Heap after GC invocations=17 (full 0):
 garbage-first heap   total 78848K, used 28426K [0x00000000c1800000, 0x0000000100000000)
  region size 1024K, 3 young (3072K), 3 survivors (3072K)
 Metaspace       used 59349K, capacity 60409K, committed 60508K, reserved 1101824K
  class space    used 7414K, capacity 7840K, committed 7888K, reserved 1048576K
}
Event: 21.375 GC heap before
{Heap before GC invocations=18 (full 0):
 garbage-first heap   total 78848K, used 58122K [0x00000000c1800000, 0x0000000100000000)
  region size 1024K, 32 young (32768K), 3 survivors (3072K)
 Metaspace       used 61329K, capacity 62553K, committed 62684K, reserved 1103872K
  class space    used 7702K, capacity 8164K, committed 8272K, reserved 1048576K
}
Event: 21.385 GC heap after
{Heap after GC invocations=19 (full 0):
 garbage-first heap   total 78848K, used 30798K [0x00000000c1800000, 0x0000000100000000)
  region size 1024K, 4 young (4096K), 4 survivors (4096K)
 Metaspace       used 61329K, capacity 62553K, committed 62684K, reserved 1103872K
  class space    used 7702K, capacity 8164K, committed 8272K, reserved 1048576K
}

