# JRE version: Java(TM) SE Runtime Environment 18.9 (11.0.20+9) (build 11.0.20+9-LTS-256)
# Java VM: Java HotSpot(TM) 64-Bit Server VM 18.9 (11.0.20+9-LTS-256, mixed mode, tiered, compressed oops, g1 gc, windows-amd64)
Heap:
 garbage-first heap   total 95232K, used 42315K [0x00000000c1800000, 0x0000000100000000)
  region size 1024K, 19 young (19456K), 6 survivors (6144K)
 Metaspace       used 64345K, capacity 65656K, committed 65920K, reserved 1105920K
  class space    used 8072K, capacity 8559K, committed 8576K, reserved 1048576K
GC Heap History (10 events):
Event: 11.894 GC heap before
{Heap before GC invocations=10 (full 0):
 garbage-first heap   total 78848K, used 55935K [0x00000000c1800000, 0x0000000100000000)
  region size 1024K, 40 young (40960K), 6 survivors (6144K)
 Metaspace       used 45895K, capacity 46888K, committed 47104K, reserved 1091584K
  class space    used 5443K, capacity 5813K, committed 5888K, reserved 1048576K
}
Event: 11.907 GC heap after
{Heap after GC invocations=11 (full 0):
 garbage-first heap   total 95232K, used 24570K [0x00000000c1800000, 0x0000000100000000)
  region size 1024K, 3 young (3072K), 3 survivors (3072K)
 Metaspace       used 45895K, capacity 46888K, committed 47104K, reserved 1091584K
  class space    used 5443K, capacity 5813K, committed 5888K, reserved 1048576K
}
Event: 13.974 GC heap before
{Heap before GC invocations=11 (full 0):
 garbage-first heap   total 95232K, used 64506K [0x00000000c1800000, 0x0000000100000000)
  region size 1024K, 42 young (43008K), 3 survivors (3072K)
 Metaspace       used 52357K, capacity 53405K, committed 53504K, reserved 1095680K
  class space    used 6455K, capacity 6851K, committed 6912K, reserved 1048576K
}
Event: 13.980 GC heap after
{Heap after GC invocations=12 (full 0):
 garbage-first heap   total 95232K, used 25364K [0x00000000c1800000, 0x0000000100000000)
  region size 1024K, 4 young (4096K), 4 survivors (4096K)
 Metaspace       used 52357K, capacity 53405K, committed 53504K, reserved 1095680K
  class space    used 6455K, capacity 6851K, committed 6912K, reserved 1048576K
}
Event: 15.441 GC heap before
{Heap before GC invocations=12 (full 0):
 garbage-first heap   total 95232K, used 66324K [0x00000000c1800000, 0x0000000100000000)
  region size 1024K, 44 young (45056K), 4 survivors (4096K)
 Metaspace       used 56804K, capacity 57873K, committed 57984K, reserved 1099776K
  class space    used 7114K, capacity 7521K, committed 7552K, reserved 1048576K
}
Event: 15.449 GC heap after
{Heap after GC invocations=13 (full 0):
 garbage-first heap   total 95232K, used 26693K [0x00000000c1800000, 0x0000000100000000)
  region size 1024K, 3 young (3072K), 3 survivors (3072K)
 Metaspace       used 56804K, capacity 57873K, committed 57984K, reserved 1099776K
  class space    used 7114K, capacity 7521K, committed 7552K, reserved 1048576K
}
Event: 17.050 GC heap before
{Heap before GC invocations=13 (full 0):
 garbage-first heap   total 95232K, used 55365K [0x00000000c1800000, 0x0000000100000000)
  region size 1024K, 32 young (32768K), 3 survivors (3072K)
 Metaspace       used 59062K, capacity 60093K, committed 60160K, reserved 1101824K
  class space    used 7393K, capacity 7801K, committed 7808K, reserved 1048576K
}
Event: 17.060 GC heap after
{Heap after GC invocations=14 (full 0):
 garbage-first heap   total 95232K, used 28543K [0x00000000c1800000, 0x0000000100000000)
  region size 1024K, 5 young (5120K), 5 survivors (5120K)
 Metaspace       used 59062K, capacity 60093K, committed 60160K, reserved 1101824K
  class space    used 7393K, capacity 7801K, committed 7808K, reserved 1048576K
}
Event: 18.978 GC heap before
{Heap before GC invocations=15 (full 0):
 garbage-first heap   total 95232K, used 68479K [0x00000000c1800000, 0x0000000100000000)
  region size 1024K, 44 young (45056K), 5 survivors (5120K)
 Metaspace       used 61921K, capacity 63119K, committed 63360K, reserved 1103872K
  class space    used 7790K, capacity 8246K, committed 8320K, reserved 1048576K
}
Event: 18.991 GC heap after
{Heap after GC invocations=16 (full 0):
 garbage-first heap   total 95232K, used 31051K [0x00000000c1800000, 0x0000000100000000)
  region size 1024K, 6 young (6144K), 6 survivors (6144K)
 Metaspace       used 61921K, capacity 63119K, committed 63360K, reserved 1103872K
  class space    used 7790K, capacity 8246K, committed 8320K, reserved 1048576K
}

