# JRE version: Java(TM) SE Runtime Environment 18.9 (11.0.20+9) (build 11.0.20+9-LTS-256)
# Java VM: Java HotSpot(TM) 64-Bit Server VM 18.9 (11.0.20+9-LTS-256, mixed mode, tiered, compressed oops, g1 gc, windows-amd64)
Heap:
 garbage-first heap   total 78848K, used 47252K [0x00000000c1800000, 0x0000000100000000)
  region size 1024K, 21 young (21504K), 5 survivors (5120K)
 Metaspace       used 67404K, capacity 68657K, committed 68904K, reserved 1110016K
  class space    used 8486K, capacity 8961K, committed 9116K, reserved 1048576K
GC Heap History (10 events):
Event: 20.827 GC heap before
{Heap before GC invocations=15 (full 0):
 garbage-first heap   total 78848K, used 56046K [0x00000000c1800000, 0x0000000100000000)
  region size 1024K, 32 young (32768K), 3 survivors (3072K)
 Metaspace       used 56588K, capacity 57629K, committed 57808K, reserved 1099776K
  class space    used 7115K, capacity 7525K, committed 7632K, reserved 1048576K
}
Event: 20.834 GC heap after
{Heap after GC invocations=16 (full 0):
 garbage-first heap   total 78848K, used 27323K [0x00000000c1800000, 0x0000000100000000)
  region size 1024K, 3 young (3072K), 3 survivors (3072K)
 Metaspace       used 56588K, capacity 57629K, committed 57808K, reserved 1099776K
  class space    used 7115K, capacity 7525K, committed 7632K, reserved 1048576K
}
Event: 22.909 GC heap before
{Heap before GC invocations=16 (full 0):
 garbage-first heap   total 78848K, used 57019K [0x00000000c1800000, 0x0000000100000000)
  region size 1024K, 32 young (32768K), 3 survivors (3072K)
 Metaspace       used 58769K, capacity 59829K, committed 60112K, reserved 1101824K
  class space    used 7385K, capacity 7788K, committed 7888K, reserved 1048576K
}
Event: 22.918 GC heap after
{Heap after GC invocations=17 (full 0):
 garbage-first heap   total 78848K, used 28389K [0x00000000c1800000, 0x0000000100000000)
  region size 1024K, 4 young (4096K), 4 survivors (4096K)
 Metaspace       used 58769K, capacity 59829K, committed 60112K, reserved 1101824K
  class space    used 7385K, capacity 7788K, committed 7888K, reserved 1048576K
}
Event: 24.069 GC heap before
{Heap before GC invocations=17 (full 0):
 garbage-first heap   total 78848K, used 39653K [0x00000000c1800000, 0x0000000100000000)
  region size 1024K, 16 young (16384K), 4 survivors (4096K)
 Metaspace       used 59406K, capacity 60444K, committed 60508K, reserved 1101824K
  class space    used 7462K, capacity 7861K, committed 7888K, reserved 1048576K
}
Event: 24.079 GC heap after
{Heap after GC invocations=18 (full 0):
 garbage-first heap   total 78848K, used 29222K [0x00000000c1800000, 0x0000000100000000)
  region size 1024K, 3 young (3072K), 3 survivors (3072K)
 Metaspace       used 59406K, capacity 60444K, committed 60508K, reserved 1101824K
  class space    used 7462K, capacity 7861K, committed 7888K, reserved 1048576K
}
Event: 26.114 GC heap before
{Heap before GC invocations=19 (full 0):
 garbage-first heap   total 78848K, used 58918K [0x00000000c1800000, 0x0000000100000000)
  region size 1024K, 32 young (32768K), 3 survivors (3072K)
 Metaspace       used 61726K, capacity 62922K, committed 63272K, reserved 1103872K
  class space    used 7794K, capacity 8252K, committed 8348K, reserved 1048576K
}
Event: 26.125 GC heap after
{Heap after GC invocations=20 (full 0):
 garbage-first heap   total 78848K, used 30863K [0x00000000c1800000, 0x0000000100000000)
  region size 1024K, 4 young (4096K), 4 survivors (4096K)
 Metaspace       used 61726K, capacity 62922K, committed 63272K, reserved 1103872K
  class space    used 7794K, capacity 8252K, committed 8348K, reserved 1048576K
}
Event: 28.715 GC heap before
{Heap before GC invocations=20 (full 0):
 garbage-first heap   total 78848K, used 60559K [0x00000000c1800000, 0x0000000100000000)
  region size 1024K, 34 young (34816K), 4 survivors (4096K)
 Metaspace       used 64050K, capacity 65293K, committed 65320K, reserved 1105920K
  class space    used 8110K, capacity 8586K, committed 8604K, reserved 1048576K
}
Event: 28.727 GC heap after
{Heap after GC invocations=21 (full 0):
 garbage-first heap   total 78848K, used 32916K [0x00000000c1800000, 0x0000000100000000)
  region size 1024K, 5 young (5120K), 5 survivors (5120K)
 Metaspace       used 64050K, capacity 65293K, committed 65320K, reserved 1105920K
  class space    used 8110K, capacity 8586K, committed 8604K, reserved 1048576K
}

