# JRE version: Java(TM) SE Runtime Environment 18.9 (11.0.20+9) (build 11.0.20+9-LTS-256)
# Java VM: Java HotSpot(TM) 64-Bit Server VM 18.9 (11.0.20+9-LTS-256, mixed mode, tiered, compressed oops, g1 gc, windows-amd64)
Heap:
 garbage-first heap   total 96256K, used 41301K [0x00000000c1800000, 0x0000000100000000)
  region size 1024K, 18 young (18432K), 5 survivors (5120K)
 Metaspace       used 59919K, capacity 61098K, committed 61404K, reserved 1103872K
  class space    used 7522K, capacity 7982K, committed 8060K, reserved 1048576K
GC Heap History (10 events):
Event: 6.291 GC heap before
{Heap before GC invocations=10 (full 0):
 garbage-first heap   total 78848K, used 46964K [0x00000000c1800000, 0x0000000100000000)
  region size 1024K, 36 young (36864K), 4 survivors (4096K)
 Metaspace       used 39597K, capacity 40540K, committed 40656K, reserved 1085440K
  class space    used 4648K, capacity 5019K, committed 5116K, reserved 1048576K
}
Event: 6.314 GC heap after
{Heap after GC invocations=11 (full 0):
 garbage-first heap   total 96256K, used 20889K [0x00000000c1800000, 0x0000000100000000)
  region size 1024K, 5 young (5120K), 5 survivors (5120K)
 Metaspace       used 39597K, capacity 40540K, committed 40656K, reserved 1085440K
  class space    used 4648K, capacity 5019K, committed 5116K, reserved 1048576K
}
Event: 7.242 GC heap before
{Heap before GC invocations=11 (full 0):
 garbage-first heap   total 96256K, used 58777K [0x00000000c1800000, 0x0000000100000000)
  region size 1024K, 42 young (43008K), 5 survivors (5120K)
 Metaspace       used 45454K, capacity 46471K, committed 46800K, reserved 1089536K
  class space    used 5384K, capacity 5780K, committed 5884K, reserved 1048576K
}
Event: 7.253 GC heap after
{Heap after GC invocations=12 (full 0):
 garbage-first heap   total 96256K, used 24546K [0x00000000c1800000, 0x0000000100000000)
  region size 1024K, 4 young (4096K), 4 survivors (4096K)
 Metaspace       used 45454K, capacity 46471K, committed 46800K, reserved 1089536K
  class space    used 5384K, capacity 5780K, committed 5884K, reserved 1048576K
}
Event: 8.325 GC heap before
{Heap before GC invocations=12 (full 0):
 garbage-first heap   total 96256K, used 62434K [0x00000000c1800000, 0x0000000100000000)
  region size 1024K, 41 young (41984K), 4 survivors (4096K)
 Metaspace       used 51607K, capacity 52638K, committed 52944K, reserved 1095680K
  class space    used 6366K, capacity 6787K, committed 6908K, reserved 1048576K
}
Event: 8.335 GC heap after
{Heap after GC invocations=13 (full 0):
 garbage-first heap   total 96256K, used 25493K [0x00000000c1800000, 0x0000000100000000)
  region size 1024K, 5 young (5120K), 5 survivors (5120K)
 Metaspace       used 51607K, capacity 52638K, committed 52944K, reserved 1095680K
  class space    used 6366K, capacity 6787K, committed 6908K, reserved 1048576K
}
Event: 9.793 GC heap before
{Heap before GC invocations=13 (full 0):
 garbage-first heap   total 96256K, used 64405K [0x00000000c1800000, 0x0000000100000000)
  region size 1024K, 43 young (44032K), 5 survivors (5120K)
 Metaspace       used 56259K, capacity 57326K, committed 57424K, reserved 1099776K
  class space    used 7063K, capacity 7487K, committed 7548K, reserved 1048576K
}
Event: 9.805 GC heap after
{Heap after GC invocations=14 (full 0):
 garbage-first heap   total 96256K, used 27118K [0x00000000c1800000, 0x0000000100000000)
  region size 1024K, 3 young (3072K), 3 survivors (3072K)
 Metaspace       used 56259K, capacity 57326K, committed 57424K, reserved 1099776K
  class space    used 7063K, capacity 7487K, committed 7548K, reserved 1048576K
}
Event: 12.788 GC heap before
{Heap before GC invocations=14 (full 0):
 garbage-first heap   total 96256K, used 66030K [0x00000000c1800000, 0x0000000100000000)
  region size 1024K, 42 young (43008K), 3 survivors (3072K)
 Metaspace       used 59338K, capacity 60404K, committed 60508K, reserved 1101824K
  class space    used 7426K, capacity 7840K, committed 7932K, reserved 1048576K
}
Event: 12.799 GC heap after
{Heap after GC invocations=15 (full 0):
 garbage-first heap   total 96256K, used 29013K [0x00000000c1800000, 0x0000000100000000)
  region size 1024K, 5 young (5120K), 5 survivors (5120K)
 Metaspace       used 59338K, capacity 60404K, committed 60508K, reserved 1101824K
  class space    used 7426K, capacity 7840K, committed 7932K, reserved 1048576K
}

