# JRE version: Java(TM) SE Runtime Environment 18.9 (11.0.20+9) (build 11.0.20+9-LTS-256)
# Java VM: Java HotSpot(TM) 64-Bit Server VM 18.9 (11.0.20+9-LTS-256, mixed mode, tiered, compressed oops, g1 gc, windows-amd64)
Heap:
 garbage-first heap   total 95232K, used 59163K [0x00000000c1800000, 0x0000000100000000)
  region size 1024K, 30 young (30720K), 5 survivors (5120K)
 Metaspace       used 74717K, capacity 76055K, committed 76204K, reserved 1116160K
  class space    used 8912K, capacity 9413K, committed 9472K, reserved 1048576K
GC Heap History (10 events):
Event: 14.394 GC heap before
{Heap before GC invocations=14 (full 0):
 garbage-first heap   total 95232K, used 61930K [0x00000000c1800000, 0x0000000100000000)
  region size 1024K, 39 young (39936K), 4 survivors (4096K)
 Metaspace       used 57461K, capacity 58546K, committed 58796K, reserved 1099776K
  class space    used 7208K, capacity 7617K, committed 7680K, reserved 1048576K
}
Event: 14.401 GC heap after
{Heap after GC invocations=15 (full 0):
 garbage-first heap   total 95232K, used 27455K [0x00000000c1800000, 0x0000000100000000)
  region size 1024K, 3 young (3072K), 3 survivors (3072K)
 Metaspace       used 57461K, capacity 58546K, committed 58796K, reserved 1099776K
  class space    used 7208K, capacity 7617K, committed 7680K, reserved 1048576K
}
Event: 15.078 GC heap before
{Heap before GC invocations=15 (full 0):
 garbage-first heap   total 95232K, used 40767K [0x00000000c1800000, 0x0000000100000000)
  region size 1024K, 17 young (17408K), 3 survivors (3072K)
 Metaspace       used 58527K, capacity 59591K, committed 59692K, reserved 1101824K
  class space    used 7346K, capacity 7752K, committed 7808K, reserved 1048576K
}
Event: 15.086 GC heap after
{Heap after GC invocations=16 (full 0):
 garbage-first heap   total 95232K, used 28019K [0x00000000c1800000, 0x0000000100000000)
  region size 1024K, 4 young (4096K), 4 survivors (4096K)
 Metaspace       used 58527K, capacity 59591K, committed 59692K, reserved 1101824K
  class space    used 7346K, capacity 7752K, committed 7808K, reserved 1048576K
}
Event: 16.538 GC heap before
{Heap before GC invocations=17 (full 0):
 garbage-first heap   total 95232K, used 62835K [0x00000000c1800000, 0x0000000100000000)
  region size 1024K, 38 young (38912K), 4 survivors (4096K)
 Metaspace       used 60927K, capacity 62174K, committed 62380K, reserved 1103872K
  class space    used 7650K, capacity 8125K, committed 8192K, reserved 1048576K
}
Event: 16.549 GC heap after
{Heap after GC invocations=18 (full 0):
 garbage-first heap   total 95232K, used 30459K [0x00000000c1800000, 0x0000000100000000)
  region size 1024K, 5 young (5120K), 5 survivors (5120K)
 Metaspace       used 60927K, capacity 62174K, committed 62380K, reserved 1103872K
  class space    used 7650K, capacity 8125K, committed 8192K, reserved 1048576K
}
Event: 22.193 GC heap before
{Heap before GC invocations=18 (full 0):
 garbage-first heap   total 95232K, used 64251K [0x00000000c1800000, 0x0000000100000000)
  region size 1024K, 39 young (39936K), 5 survivors (5120K)
 Metaspace       used 66446K, capacity 67733K, committed 67884K, reserved 1107968K
  class space    used 8295K, capacity 8783K, committed 8832K, reserved 1048576K
}
Event: 22.204 GC heap after
{Heap after GC invocations=19 (full 0):
 garbage-first heap   total 95232K, used 32637K [0x00000000c1800000, 0x0000000100000000)
  region size 1024K, 5 young (5120K), 5 survivors (5120K)
 Metaspace       used 66446K, capacity 67733K, committed 67884K, reserved 1107968K
  class space    used 8295K, capacity 8783K, committed 8832K, reserved 1048576K
}
Event: 23.374 GC heap before
{Heap before GC invocations=19 (full 0):
 garbage-first heap   total 95232K, used 67453K [0x00000000c1800000, 0x0000000100000000)
  region size 1024K, 40 young (40960K), 5 survivors (5120K)
 Metaspace       used 72532K, capacity 73815K, committed 74028K, reserved 1114112K
  class space    used 8746K, capacity 9232K, committed 9344K, reserved 1048576K
}
Event: 23.386 GC heap after
{Heap after GC invocations=20 (full 0):
 garbage-first heap   total 95232K, used 34587K [0x00000000c1800000, 0x0000000100000000)
  region size 1024K, 5 young (5120K), 5 survivors (5120K)
 Metaspace       used 72532K, capacity 73815K, committed 74028K, reserved 1114112K
  class space    used 8746K, capacity 9232K, committed 9344K, reserved 1048576K
}

